0 info it worked if it ends with ok
1 verbose cli [ 'C:\\Program Files\\nodejs\\node.exe',
1 verbose cli   'C:\\Users\\wb-chenyudong.b\\AppData\\Roaming\\npm\\node_modules\\tnpm\\node_modules\\npm\\bin\\npm-cli.js',
1 verbose cli   '--cache=C:\\Users\\wb-chenyudong.b\\AppData\\Roaming\\tnpm-cache',
1 verbose cli   '--tmp=C:\\Users\\wb-chenyudong.b\\.tnpm_tmp',
1 verbose cli   '--no-proxy',
1 verbose cli   '--disturl=https://tnpm-hz.oss-cn-hangzhou.aliyuncs.com/dist/node',
1 verbose cli   '--userconfig=C:\\Users\\wb-chenyudong.b\\.tnpmrc',
1 verbose cli   '--registry=http://registry.npm.alibaba-inc.com',
1 verbose cli   'run',
1 verbose cli   'start' ]
2 info using npm@3.10.10
3 info using node@v6.9.5
4 verbose run-script [ 'prestart', 'start', 'poststart' ]
5 info lifecycle redux@1.0.0~prestart: redux@1.0.0
6 silly lifecycle redux@1.0.0~prestart: no script for prestart, continuing
7 info lifecycle redux@1.0.0~start: redux@1.0.0
8 verbose lifecycle redux@1.0.0~start: unsafe-perm in lifecycle true
9 verbose lifecycle redux@1.0.0~start: PATH: C:\Users\wb-chenyudong.b\AppData\Roaming\npm\node_modules\tnpm\node_modules\npm\bin\node-gyp-bin;C:\Users\wb-chenyudong.b\Desktop\work\react-test\node_modules\.bin;C:\Program Files (x86)\Git\mingw64\bin;C:\Program Files (x86)\Git\usr\bin;C:\Users\wb-chenyudong.b\bin;C:\ProgramData\Oracle\Java\javapath;C:\Windows\system32;C:\Windows;C:\Windows\System32\Wbem;C:\Windows\System32\WindowsPowerShell\v1.0;C:\Program Files\TortoiseGit\bin;C:\Program Files (x86)\Git\cmd;C:\nvm;C:\Program Files\nodejs;C:\Users\wb-chenyudong.b\AppData\Roaming\npm;D:\Program Files (x86)\Microsoft VS Code\bin;C:\Program Files (x86)\Git\cmd;C:\nvm;C:\Program Files\nodejs
10 verbose lifecycle redux@1.0.0~start: CWD: C:\Users\wb-chenyudong.b\Desktop\work\react-test
11 silly lifecycle redux@1.0.0~start: Args: [ '/d /s /c', 'node server.js' ]
12 verbose stack Error: kill ENOSYS
12 verbose stack     at exports._errnoException (util.js:1022:11)
12 verbose stack     at process.kill (internal/process.js:172:13)
12 verbose stack     at process.listener (C:\Users\wb-chenyudong.b\AppData\Roaming\npm\node_modules\tnpm\node_modules\npm\node_modules\npmlog\node_modules\gauge\node_modules\signal-exit\index.js:86:15)
12 verbose stack     at emitNone (events.js:91:20)
12 verbose stack     at process.emit (events.js:185:7)
12 verbose stack     at processEmit (C:\Users\wb-chenyudong.b\AppData\Roaming\npm\node_modules\tnpm\node_modules\npm\node_modules\npmlog\node_modules\gauge\node_modules\signal-exit\index.js:146:32)
12 verbose stack     at processEmit (C:\Users\wb-chenyudong.b\AppData\Roaming\npm\node_modules\tnpm\node_modules\npm\node_modules\npm-registry-client\node_modules\npmlog\node_modules\gauge\node_modules\signal-exit\index.js:146:32)
12 verbose stack     at Signal.wrap.onsignal (internal/process.js:199:44)
13 verbose cwd C:\Users\wb-chenyudong.b\Desktop\work\react-test
14 error Windows_NT 6.1.7601
15 error argv "C:\\Program Files\\nodejs\\node.exe" "C:\\Users\\wb-chenyudong.b\\AppData\\Roaming\\npm\\node_modules\\tnpm\\node_modules\\npm\\bin\\npm-cli.js" "--cache=C:\\Users\\wb-chenyudong.b\\AppData\\Roaming\\tnpm-cache" "--tmp=C:\\Users\\wb-chenyudong.b\\.tnpm_tmp" "--no-proxy" "--disturl=https://tnpm-hz.oss-cn-hangzhou.aliyuncs.com/dist/node" "--userconfig=C:\\Users\\wb-chenyudong.b\\.tnpmrc" "--registry=http://registry.npm.alibaba-inc.com" "run" "start"
16 error node v6.9.5
17 error npm  v3.10.10
18 error code ENOSYS
19 error errno ENOSYS
20 error syscall kill
21 error kill ENOSYS
22 error If you need help, you may report this error at:
22 error     <https://github.com/npm/npm/issues>
23 verbose exit [ 1, true ]
